[00:07:39] [Render thread/INFO]: Stopping!
[00:07:39] [Render thread/INFO]: [FastQuit] Disconnected "New World" from the client.
[00:07:39] [Render thread/INFO]: Stopping worker threads
[00:07:39] [Render thread/INFO]: [FastQuit] Exiting FastQuit.
[00:07:39] [Render thread/INFO]: [FastQuit] Waiting for "New World" to finish saving...
[00:07:39] [Server thread/INFO]: Sammy_any_all_ lost connection: Disconnected
[00:07:39] [Server thread/INFO]: Sammy_any_all_ left the game
[00:07:39] [Server thread/INFO]: Stopping singleplayer server as player logged out
[00:07:39] [Server thread/INFO]: Stopping server
[00:07:39] [Server thread/INFO]: Saving players
[00:07:39] [Server thread/INFO]: Saving worlds
[00:07:39] [Server thread/INFO]: Saving chunks for level 'ServerLevel[New World]'/minecraft:overworld
[00:07:39] [Server thread/INFO]: Saving chunks for level 'ServerLevel[New World]'/minecraft:the_end
[00:07:39] [Server thread/INFO]: Saving chunks for level 'ServerLevel[New World]'/minecraft:the_nether
[00:07:39] [Server thread/INFO]: ThreadedAnvilChunkStorage (New World (1)): All chunks are saved
[00:07:39] [Server thread/INFO]: ThreadedAnvilChunkStorage (DIM1): All chunks are saved
[00:07:39] [Server thread/INFO]: ThreadedAnvilChunkStorage (DIM-1): All chunks are saved
[00:07:39] [Server thread/INFO]: ThreadedAnvilChunkStorage: All dimensions are saved
[00:07:39] [Server thread/INFO]: closing rrp ebe:base_resources
[00:07:39] [Server thread/INFO]: closing rrp ebe:base_resources
[00:07:39] [Server thread/INFO]: [FastQuit] Finished saving "New World" (0s)
[00:07:39] [Render thread/INFO]: closing rrp ebe:base_resources
